<?xml version="1.0" encoding="UTF-8"?>
<!-- Generated by org.testng.reporters.JUnitXMLReporter -->
<testsuite ignored="0" hostname="192.168.1.9" failures="0" tests="3" name="Bank Manager Login Test 2" time="12.848" errors="0" timestamp="2024-08-17T13:27:47 IST">
  <testcase classname="testCases.AddCustomerTest" name="addCustomerTest" time="0.178">
    <skipped/>
  </testcase> <!-- addCustomerTest -->
  <testcase classname="testCases.AddCustomerTest" name="addCustomerTest" time="10.748"/>
  <testcase classname="testCases.AddCustomerTest" name="addCustomerTest" time="11.25"/>
</testsuite> <!-- Bank Manager Login Test 2 -->
