<?xml version="1.0" encoding="UTF-8"?>
<!-- Generated by org.testng.reporters.JUnitXMLReporter -->
<testsuite ignored="0" hostname="192.168.1.9" failures="0" tests="3" name="Open Account Test" time="17.774" errors="0" timestamp="2024-08-17T13:28:05 IST">
  <testcase classname="testCases.OpenAccountTest" name="openAccountTest" time="0.111">
    <skipped/>
  </testcase> <!-- openAccountTest -->
  <testcase classname="testCases.OpenAccountTest" name="openAccountTest" time="9.856"/>
  <testcase classname="testCases.OpenAccountTest" name="openAccountTest" time="16.233"/>
</testsuite> <!-- Open Account Test -->
