<?xml version="1.0" encoding="UTF-8"?>
<!-- Generated by org.testng.reporters.JUnitXMLReporter -->
<testsuite ignored="0" hostname="192.168.1.9" failures="0" tests="3" name="Bank Manager Login Test" time="19.773" errors="0" timestamp="2024-08-17T12:54:24 IST">
  <testcase classname="testCases.AddCustomerTest" name="addCustomerTest" time="0.272">
    <skipped/>
  </testcase> <!-- addCustomerTest -->
  <testcase classname="testCases.AddCustomerTest" name="addCustomerTest" time="17.205"/>
  <testcase classname="testCases.AddCustomerTest" name="addCustomerTest" time="17.805"/>
</testsuite> <!-- Bank Manager Login Test -->
