<?xml version="1.0" encoding="UTF-8"?>
<!-- Generated by org.testng.reporters.JUnitXMLReporter -->
<testsuite ignored="0" hostname="192.168.1.9" failures="0" tests="3" name="Bank Manager Login Test 2" time="21.436" errors="0" timestamp="2024-08-17T13:16:39 IST">
  <testcase classname="testCases.AddCustomerTest" name="addCustomerTest" time="0.588">
    <skipped/>
  </testcase> <!-- addCustomerTest -->
  <testcase classname="testCases.AddCustomerTest" name="addCustomerTest" time="17.29"/>
  <testcase classname="testCases.AddCustomerTest" name="addCustomerTest" time="18.053"/>
</testsuite> <!-- Bank Manager Login Test 2 -->
