<?xml version="1.0" encoding="UTF-8"?>
<!-- Generated by org.testng.reporters.JUnitXMLReporter -->
<testsuite ignored="0" hostname="192.168.1.9" failures="0" tests="3" name="Open Account Test" time="31.535" errors="0" timestamp="2024-08-17T13:17:10 IST">
  <testcase classname="testCases.OpenAccountTest" name="openAccountTest" time="0.342">
    <skipped/>
  </testcase> <!-- openAccountTest -->
  <testcase classname="testCases.OpenAccountTest" name="openAccountTest" time="15.261"/>
  <testcase classname="testCases.OpenAccountTest" name="openAccountTest" time="29.405"/>
</testsuite> <!-- Open Account Test -->
