<?xml version="1.0" encoding="UTF-8"?>
<testsuite name="TestSuite" time="12.581" tests="7" errors="0" skipped="2" failures="0">
  <properties>
[...]
</properties>
  <testcase name="loginAsBankManager" classname="testCases.BankManagerLoginTest" time="12.581"/>
  <testcase name="addCustomerTest" classname="testCases.AddCustomerTest" time="0">
    <skipped/>
    <system-out><![CDATA[addCustomerTest
Total rows are : 11
Test case starts from row num: 1
Total rows of data are : 3
Total cols are : 5
]]></system-out>
    <system-err><![CDATA[log4j:WARN No appenders could be found for logger (freemarker.cache).
log4j:WARN Please initialize the log4j system properly.
log4j:WARN See http://logging.apache.org/log4j/1.2/faq.html#noconfig for more info.
ERROR StatusLogger Log4j2 could not find a logging implementation. Please add log4j-core to the classpath. Using SimpleLogger to log to the console...
]]></system-err>
  </testcase>
  <testcase name="addCustomerTest" classname="testCases.AddCustomerTest" time="10.739"/>
  <testcase name="addCustomerTest" classname="testCases.AddCustomerTest" time="11.244"/>
  <testcase name="openAccountTest" classname="testCases.OpenAccountTest" time="0">
    <skipped/>
    <system-out><![CDATA[openAccountTest
Total rows are : 11
Test case starts from row num: 7
Total rows of data are : 3
Total cols are : 4
]]></system-out>
  </testcase>
  <testcase name="openAccountTest" classname="testCases.OpenAccountTest" time="9.853"/>
  <testcase name="openAccountTest" classname="testCases.OpenAccountTest" time="16.237"/>
</testsuite>